C51 COMPILER V9.60.0.0   1602                                                              07/07/2020 18:10:18 PAGE 1   


C51 COMPILER V9.60.0.0, COMPILATION OF MODULE 1602
OBJECT MODULE PLACED IN .\Objects\1602.obj
COMPILER INVOKED BY: D:\Keil_v5\C51\BIN\C51.EXE src\1602.c OPTIMIZE(8,SPEED) BROWSE INCDIR(.\inc) DEBUG OBJECTEXTEND PRI
                    -NT(.\Listings\1602.lst) OBJECT(.\Objects\1602.obj)

line level    source

   1          #include<reg52.h>
   2          #define DATA_PORT P0
   3          sbit RS=P2^0;
   4          sbit RW=P2^1;
   5          sbit EN=P2^2;
   6          
   7          void Delay_ms(unsigned int ms)//延时函数
   8          {
   9   1              unsigned char i;
  10   1              while(ms--)
  11   1              {
  12   2                      for(i=0;i<120;i++);
  13   2              }
  14   1      }
  15          unsigned char Busy_Check()//检测是否忙
  16          {
  17   1              unsigned char LCD1602_Status;
  18   1              RS=0;   
  19   1              RW=1;
  20   1              EN=1;
  21   1              Delay_ms(5);   //稳定数据
  22   1              LCD1602_Status=DATA_PORT; //读取1602状态
  23   1              EN=0;             //给下降沿
  24   1              return LCD1602_Status; 
  25   1      }
  26          
  27          
  28          
  29          void Write_LCD_Command(unsigned char cmd)//向1602写入命令
  30          {
  31   1              while((Busy_Check()&0x80)==0x80);//检测BF为1，在忙，等待
  32   1              RS=0;          //写命令
  33   1              RW=0;          //写
  34   1              EN=0;          //初始化
  35   1        DATA_PORT=cmd; 
  36   1              Delay_ms(5);
  37   1              EN=1;           //1到0，给下降沿
  38   1              Delay_ms(5);
  39   1              EN=0;            //产生跳变，执行命令
  40   1      }
  41          void Write_LCD_Data(unsigned char dat)//向1602写入数据
  42          {
  43   1              while((Busy_Check()&0x80)==0x80);//检测BF为1，在忙，等待
  44   1              RS=1;           //写数据
  45   1              RW=0;
  46   1              EN=0;
  47   1        DATA_PORT=dat;
  48   1              Delay_ms(5);
  49   1              EN=1;
  50   1              Delay_ms(5);
  51   1              EN=0;
  52   1      }
  53          void Init_LCD()//初始化液晶
  54          {
C51 COMPILER V9.60.0.0   1602                                                              07/07/2020 18:10:18 PAGE 2   

  55   1              EN=0;
  56   1              Write_LCD_Command(0x38);//初始化功能设置，8位数据口，两行显示，5*7点阵字符
  57   1              Delay_ms(1);
  58   1              Write_LCD_Command(0x0c);//显示开关控制，开显示，关光标，关闪烁
  59   1              Delay_ms(1);
  60   1              Write_LCD_Command(0x06);//输入方式选择，数据读写后AC+1，输出显示
  61   1              Delay_ms(1);
  62   1              Write_LCD_Command(0x01);//清屏
  63   1              Delay_ms(1);
  64   1      }
  65          /*******
  66          设定LCD1602起始位置和内容
  67          x：横坐标 ，y：纵坐标 ，str：内容，len：长度
  68          *******/
  69          void Show_String(unsigned char x,unsigned char y,unsigned char *str,unsigned char len)
  70          {
  71   1              unsigned char i=0;
  72   1              if(y==0) Write_LCD_Command(0x80|x);//第一行
  73   1        if(y==1) Write_LCD_Command(0xc0|x);//第二行
  74   1              for(i=0;i<len;i++)
  75   1              {
  76   2                      Write_LCD_Data(str[i]);
  77   2              }
  78   1      }


MODULE INFORMATION:   STATIC OVERLAYABLE
   CODE SIZE        =    214    ----
   CONSTANT SIZE    =   ----    ----
   XDATA SIZE       =   ----    ----
   PDATA SIZE       =   ----    ----
   DATA SIZE        =   ----       7
   IDATA SIZE       =   ----    ----
   BIT SIZE         =   ----    ----
END OF MODULE INFORMATION.


C51 COMPILATION COMPLETE.  0 WARNING(S),  0 ERROR(S)
