C51 COMPILER V9.60.0.0   18B20                                                             07/07/2020 18:10:17 PAGE 1   


C51 COMPILER V9.60.0.0, COMPILATION OF MODULE 18B20
OBJECT MODULE PLACED IN .\Objects\18B20.obj
COMPILER INVOKED BY: D:\Keil_v5\C51\BIN\C51.EXE src\18B20.c OPTIMIZE(8,SPEED) BROWSE INCDIR(.\inc) DEBUG OBJECTEXTEND PR
                    -INT(.\Listings\18B20.lst) OBJECT(.\Objects\18B20.obj)

line level    source

   1          #include<reg52.h>
   2          #define uchar unsigned char
   3          #define uint unsigned int
   4          sbit DQ=P1^0;  //ds18b20数据线
   5          uint tvalue;  //温度值
   6          uchar tflag;  //温度正负标志
   7          
   8          void Delay_us(unsigned int time)
   9          {
  10   1              while(time--);
  11   1      }
  12          void DS18B20_RST()//复位
  13          {
  14   1              uchar x=0;  
  15   1              DQ=1;        //DQ复位
  16   1              Delay_us(2);   //延时
  17   1              DQ=0;         //DQ拉低
  18   1              Delay_us(60);  //精确延时大于480us
  19   1              DQ=1;           //拉高
  20   1              Delay_us(30);  //当DS18b20读到上升沿，发出低电平
  21   1      }
  22          
  23          uchar DS18B20_RD()  //读数据
  24          {
  25   1              uchar i=0;
  26   1              uchar dat = 0;
  27   1              for(i=8;i>0;i--)
  28   1              {
  29   2                      DQ=0;            //给脉冲信号
  30   2                      Delay_us(1);        
  31   2                      dat>>=1;
  32   2                      DQ=1;             //给脉冲信号
  33   2                      if(DQ)
  34   2                      dat|=0x80;
  35   2                      Delay_us(2);
  36   2              }
  37   1              return(dat);
  38   1      }
  39          void DS18B20_WR(uchar wdata)//写数据
  40          {
  41   1              uchar i=0;
  42   1              for(i=8;i>0;i--)
  43   1              {
  44   2                      DQ=0;           //15-60us低电平
  45   2                      DQ=wdata&0x01;
  46   2                Delay_us(6);
  47   2              DQ=1;
  48   2                      wdata>>=1;
  49   2              }
  50   1      } 
  51          READ_TEMP()        //读取温度并转换
  52          {
  53   1              uchar a,b;
  54   1              DS18B20_RST();     //复位
C51 COMPILER V9.60.0.0   18B20                                                             07/07/2020 18:10:17 PAGE 2   

  55   1              DS18B20_WR(0XCC);  //跳过读序列信号，忽略ROM指令
  56   1              DS18B20_WR(0X44);  //启动温度转换
  57   1              DS18B20_RST();   
  58   1               
  59   1              DS18B20_WR(0XCC);   //忽略ROM指令
  60   1              DS18B20_WR(0XBE);   //读暂存器中温度值，最低两个字节为温度
  61   1              a=DS18B20_RD();   //低八位
  62   1              b=DS18B20_RD();   //高八位
  63   1              tvalue=b;
  64   1              tvalue<<=8;
  65   1              tvalue=tvalue|a;
  66   1              if(tvalue<0x07ff)  //默认精度12位，最高为符号位
  67   1                      tflag=0;
  68   1              else
  69   1              {
  70   2                      tvalue=~tvalue+1;
  71   2                      tflag=1;
  72   2              }
  73   1              tvalue=tvalue*(0.625);//温度值扩大10倍，精确到1位小数Y=（x/16）*10
  74   1              return(tvalue);
  75   1      }


MODULE INFORMATION:   STATIC OVERLAYABLE
   CODE SIZE        =    237    ----
   CONSTANT SIZE    =   ----    ----
   XDATA SIZE       =   ----    ----
   PDATA SIZE       =   ----    ----
   DATA SIZE        =      3       1
   IDATA SIZE       =   ----    ----
   BIT SIZE         =   ----    ----
END OF MODULE INFORMATION.


C51 COMPILATION COMPLETE.  0 WARNING(S),  0 ERROR(S)
