C51 COMPILER V9.60.0.0   LCD1602                                                           07/08/2020 13:42:39 PAGE 1   


C51 COMPILER V9.60.0.0, COMPILATION OF MODULE LCD1602
OBJECT MODULE PLACED IN .\Objects\LCD1602.obj
COMPILER INVOKED BY: D:\Keil_v5\C51\BIN\C51.EXE src\LCD1602.c OPTIMIZE(8,SPEED) BROWSE INCDIR(.\inc) DEBUG OBJECTEXTEND 
                    -PRINT(.\Listings\LCD1602.lst) OBJECT(.\Objects\LCD1602.obj)

line level    source

   1          #include "reg52.h"
   2          #include "LCD1602.h"
   3          
   4          sbit RS = P2^0;
   5          sbit RW = P2^1;
   6          sbit EN = P2^2;
   7          sfr DATAPort = 0x80;
   8          
   9          static void delay(unsigned int time)
  10          {
  11   1          char i;
  12   1              while (time--)
  13   1              {
  14   2                      for(i = 0; i < 120; i++);
  15   2              }
  16   1      }
  17          
  18          bit getLcdState()
  19          {
  20   1          unsigned char state;
  21   1          RS = 0;
  22   1          RW = 1;
  23   1              EN = 1;
  24   1          state = DATAPort;
  25   1              delay(5);
  26   1              EN = 0;
  27   1          return (bit)((state&0x80)>>7);
  28   1      }
  29          
  30          void Lcdwrite(unsigned char dat, bit mode)
  31          {
  32   1          while(getLcdState());
  33   1          RS = mode;
  34   1          RW = 0;
  35   1              EN = 0;
  36   1          DATAPort = dat;
  37   1          delay(5);
  38   1          EN = 1;
  39   1          delay(5);
  40   1          EN = 0;
  41   1      }
  42          
  43          unsigned char Lcdread(bit mode)
  44          {
  45   1          unsigned char dat;
  46   1              while(getLcdState());
  47   1          RS = mode;
  48   1          RW = 1;
  49   1              EN = 1;
  50   1          dat = DATAPort;
  51   1          delay(5);
  52   1          EN = 0;
  53   1              return dat;
  54   1      }
C51 COMPILER V9.60.0.0   LCD1602                                                           07/08/2020 13:42:39 PAGE 2   

  55          
  56          void LcdInit()
  57          {
  58   1              EN = 0;
  59   1              Lcdwrite(0x38, 0);
  60   1              Lcdwrite(0x0c, 0);
  61   1              Lcdwrite(0x06, 0);
  62   1              Lcdwrite(0x01, 0);
  63   1      }
  64          
  65          
  66          void show(char *string, unsigned char position)
  67          {
  68   1              int i;
  69   1              Lcdwrite(position + 0x80, 0);
  70   1              for(i = 0; string[i] != '\0'; i++)
  71   1              {
  72   2                      Lcdwrite(string[i], 1);
  73   2              }
  74   1              
  75   1      }


MODULE INFORMATION:   STATIC OVERLAYABLE
   CODE SIZE        =    191    ----
   CONSTANT SIZE    =   ----    ----
   XDATA SIZE       =   ----    ----
   PDATA SIZE       =   ----    ----
   DATA SIZE        =   ----       5
   IDATA SIZE       =   ----    ----
   BIT SIZE         =   ----       2
END OF MODULE INFORMATION.


C51 COMPILATION COMPLETE.  0 WARNING(S),  0 ERROR(S)
