C51 COMPILER V9.60.0.0   MAIN                                                              07/08/2020 13:42:38 PAGE 1   


C51 COMPILER V9.60.0.0, COMPILATION OF MODULE MAIN
OBJECT MODULE PLACED IN .\Objects\main.obj
COMPILER INVOKED BY: D:\Keil_v5\C51\BIN\C51.EXE main.c OPTIMIZE(8,SPEED) BROWSE INCDIR(.\inc) DEBUG OBJECTEXTEND PRINT(.
                    -\Listings\main.lst) OBJECT(.\Objects\main.obj)

line level    source

   1          /**
   2           * *********************************************
   3           * 
   4           * 8051 control LCD1602 demo
   5           * 
   6           * @author qianhe yu
   7           * 
   8           * *********************************************
   9          */
  10          
  11          #include "REG52.H"
  12          #include "LCD1602.H"
  13          //#include "DS18B20.h"
  14          #include "PWM.h"
  15          
  16          
  17          typedef unsigned char uint8_t;
  18          typedef unsigned int uint16_t;
  19          typedef unsigned long uint32_t;
  20          
  21          typedef signed char int8_t;
  22          typedef signed int int16_t;
  23          typedef signed long int32_t;
  24          
  25          //char *string = "TEMP:    . C";
  26          //char *motorstate = "SPEED:0  ";
  27          //char *beepstate = "normal ";
  28          
  29          extern char string[];
  30          extern char *motorstate;
  31          extern char *beepstate;
  32          
  33          //void formatData()
  34          //{
  35          //      int dat = getTemperature();
  36          //      int temp = dat/10;
  37          //      string[7] = '0' + (dat%1000/100);
  38          //      string[8] = '0' + (dat%100/10);
  39          //      string[10] = '0' + (dat%10);
  40          //      if(flag)
  41          //      {
  42          //              string[5] = '-';
  43          //      }
  44          //      else
  45          //      {
  46          //              string[5] = ' ';
  47          //      }
  48          //      
  49          //#ifndef __DEBUG__
  50          //      if(!flag)
  51          //      {
  52          //              if(temp > 25)
  53          //              {
  54          //                      if(temp > 30)
C51 COMPILER V9.60.0.0   MAIN                                                              07/08/2020 13:42:38 PAGE 2   

  55          //                      {
  56          //                              beep = 0;
  57          //                              beepstate = "warning";
  58          //                      }
  59          //                      else
  60          //                      {
  61          //                              beep = 1;
  62          //                              beepstate = "normal ";
  63          //                      }
  64          //                      motor = 1;
  65          //                      motorstate = "SPEED:3  ";
  66          //              }
  67          //              else
  68          //              {
  69          //                      beep = 1;
  70          //                      motor = 0;
  71          //                      beepstate = "normal ";
  72          //                      motorstate = "SPEED:0  ";
  73          //              }
  74          //      }
  75          //#else
  76          //      if(!flag)
  77          //      {
  78          //              if(temp > 25)
  79          //              {
  80          //                      if(temp > 30)
  81          //                      {
  82          //                              motorControl(10);
  83          //                              beep = 0;
  84          //                              return;
  85          //                              
  86          //                      }
  87          //                      motorControl((temp - 25)*2); 
  88          //                      beep = 1;
  89          //              }
  90          //              else
  91          //              {
  92          //                      motorControl(0);
  93          //                      beep = 1;
  94          //              }
  95          //      }
  96          //#endif
  97          //}
  98          
  99          void main()
 100          {
 101   1              timerInit();
 102   1              interruptInit();
 103   1              LcdInit();
 104   1          while (1)
 105   1          {
 106   2      //        formatData();
 107   2                      
 108   2                      show(string, 0x00);
 109   2                      show(motorstate, 0x40);
 110   2                      show(beepstate, 0x48);
 111   2          }
 112   1      }


MODULE INFORMATION:   STATIC OVERLAYABLE
   CODE SIZE        =     44    ----
C51 COMPILER V9.60.0.0   MAIN                                                              07/08/2020 13:42:38 PAGE 3   

   CONSTANT SIZE    =   ----    ----
   XDATA SIZE       =   ----    ----
   PDATA SIZE       =   ----    ----
   DATA SIZE        =   ----    ----
   IDATA SIZE       =   ----    ----
   BIT SIZE         =   ----    ----
END OF MODULE INFORMATION.


C51 COMPILATION COMPLETE.  0 WARNING(S),  0 ERROR(S)
