C51 COMPILER V9.60.0.0   PWM                                                               07/08/2020 13:42:40 PAGE 1   


C51 COMPILER V9.60.0.0, COMPILATION OF MODULE PWM
OBJECT MODULE PLACED IN .\Objects\PWM.obj
COMPILER INVOKED BY: D:\Keil_v5\C51\BIN\C51.EXE src\PWM.c OPTIMIZE(8,SPEED) BROWSE INCDIR(.\inc) DEBUG OBJECTEXTEND PRIN
                    -T(.\Listings\PWM.lst) OBJECT(.\Objects\PWM.obj)

line level    source

   1          /****************************************
   2           * 
   3           * PWM demo
   4           * 
   5           * @author Qianhe Yu
   6           * 
   7           * **************************************
   8          */
   9          #include "REG52.H"
  10          #include "formatData.h"
  11          
  12          sbit motor = P2^5;
  13          extern unsigned short width;
  14          
  15          void interruptInit()
  16          {
  17   1              ET0 = 1;
  18   1              EA = 1;
  19   1      }
  20          
  21          void timerInit()
  22          {
  23   1          TMOD |= 0x01;
  24   1          TH0 = 0xFC;
  25   1          TL0 = 0x18;
  26   1          TR0 = 1;
  27   1      }
  28          
  29          void handler() interrupt 1
  30          {
  31   1              unsigned short count;
  32   1              TH0 = 0xFC;
  33   1          TL0 = 0x18;
  34   1          count = (++count)%10;
  35   1              if(count < width)
  36   1              {
  37   2                      motor = 1;
  38   2              }
  39   1              else
  40   1              {
  41   2                      motor = 0;
  42   2              }
  43   1              if(count == 0)
  44   1              {
  45   2                      formatData();
  46   2              }
  47   1      }


MODULE INFORMATION:   STATIC OVERLAYABLE
   CODE SIZE        =    127    ----
   CONSTANT SIZE    =   ----    ----
   XDATA SIZE       =   ----    ----
   PDATA SIZE       =   ----    ----
C51 COMPILER V9.60.0.0   PWM                                                               07/08/2020 13:42:40 PAGE 2   

   DATA SIZE        =   ----       2
   IDATA SIZE       =   ----    ----
   BIT SIZE         =   ----    ----
END OF MODULE INFORMATION.


C51 COMPILATION COMPLETE.  0 WARNING(S),  0 ERROR(S)
